{
  "0 debug pnpm:scope": {
    "selected": 1
  },
  "1 error pnpm": {
    "code": "ELIFECYCLE",
    "errno": "ENOENT",
    "syscall": "spawn",
    "file": "sh",
    "pkgid": "react-sample@0.1.0",
    "stage": "start",
    "script": "react-scripts start",
    "pkgname": "react-sample",
    "err": {
      "name": "pnpm",
      "message": "react-sample@0.1.0 start: `react-scripts start`\nspawn ENOENT",
      "code": "ELIFECYCLE",
      "stack": "pnpm: react-sample@0.1.0 start: `react-scripts start`\nspawn ENOENT\n    at ChildProcess.<anonymous> (/Users/danielloomb/Library/pnpm-global/5/node_modules/.pnpm/pnpm@7.1.7/node_modules/pnpm/dist/pnpm.cjs:93511:22)\n    at ChildProcess.emit (node:events:513:28)\n    at maybeClose (node:internal/child_process:1100:16)\n    at Process.ChildProcess._handle.onexit (node:internal/child_process:304:5)"
    }
  },
  "2 warn pnpm:global": " Local package.json exists, but node_modules missing, did you mean to install?"
}